\BOOKMARK [1][-]{section.1}{\376\377\137\025\212\000}{}% 1
\BOOKMARK [1][-]{section.2}{\376\377\122\006\135\345}{}% 2
\BOOKMARK [1][-]{section.3}{\376\377\000S\000T\000A\000P\000p\000p\172\013\136\217\213\276\213\241\116\016\133\236\163\260}{}% 3
\BOOKMARK [2][-]{subsection.3.1}{\376\377\122\115\131\004\164\006}{section.3}% 4
\BOOKMARK [2][-]{subsection.3.2}{\376\377\000B\000a\000r\123\125\121\103}{section.3}% 5
\BOOKMARK [2][-]{subsection.3.3}{\376\377\0004\000Q\123\125\121\103}{section.3}% 6
\BOOKMARK [2][-]{subsection.3.4}{\376\377\0003\000T\123\125\121\103}{section.3}% 7
\BOOKMARK [3][-]{subsubsection.3.4.1}{\376\377\0003\000T\123\125\121\103\154\102\211\343\217\307\172\013}{subsection.3.4}% 8
\BOOKMARK [3][-]{subsubsection.3.4.2}{\376\377\000P\000a\000c\000t\000h\000\040\000t\000e\000s\000t\000\040\116\016\145\066\145\133\140\047\122\006\147\220}{subsection.3.4}% 9
\BOOKMARK [2][-]{subsection.3.5}{\376\377\0008\000H\123\125\121\103}{section.3}% 10
\BOOKMARK [2][-]{subsection.3.6}{\376\377\000B\000e\000a\000m\123\125\121\103}{section.3}% 11
\BOOKMARK [2][-]{subsection.3.7}{\376\377\000P\000l\000a\000t\000e\123\125\121\103}{section.3}% 12
\BOOKMARK [3][-]{subsubsection.3.7.1}{\376\377\123\125\121\103\213\276\213\241\140\035\215\357}{subsection.3.7}% 13
\BOOKMARK [3][-]{subsubsection.3.7.2}{\376\377\172\013\136\217\133\236\163\260}{subsection.3.7}% 14
\BOOKMARK [3][-]{subsubsection.3.7.3}{\376\377\000p\000a\000t\000c\000h\000\040\000t\000e\000s\000t\000\040\123\312\145\066\145\133\140\047\122\006\147\220}{subsection.3.7}% 15
\BOOKMARK [2][-]{subsection.3.8}{\376\377\000S\000h\000e\000l\000l\123\125\121\103}{section.3}% 16
\BOOKMARK [2][-]{subsection.3.9}{\376\377\000I\000E\000M\123\125\121\103}{section.3}% 17
\BOOKMARK [2][-]{subsection.3.10}{\376\377\202\345\136\162\040\034\135\347\121\321\040\035\217\271\160\271\121\103}{section.3}% 18
\BOOKMARK [2][-]{subsection.3.11}{\376\377\154\102\211\343\126\150\117\030\123\026}{section.3}% 19
\BOOKMARK [2][-]{subsection.3.12}{\376\377\124\016\131\004\164\006}{section.3}% 20
\BOOKMARK [1][-]{section.4}{\376\377\150\145\150\201\213\276\213\241\060\001\117\030\123\026\116\016\213\304\117\060}{}% 21
\BOOKMARK [2][-]{subsection.4.1}{\376\377\220\011\230\230\040\024\040\024\116\072\116\300\116\110\220\011\145\234\142\311\150\145}{section.4}% 22
\BOOKMARK [2][-]{subsection.4.2}{\376\377\150\145\166\204\213\276\213\241}{section.4}% 23
\BOOKMARK [2][-]{subsection.4.3}{\376\377\210\305\221\115}{section.4}% 24
\BOOKMARK [2][-]{subsection.4.4}{\376\377\117\030\123\026}{section.4}% 25
\BOOKMARK [2][-]{subsection.4.5}{\376\377\147\000\176\310\176\323\147\234}{section.4}% 26
\BOOKMARK [1][-]{section.5}{\376\377\176\323\147\137\213\355}{}% 27
